<?xml version="1.0" encoding="UTF-8"?>
<!-- Generated by org.testng.reporters.JUnitReportReporter -->
<testsuite hostname="DESKTOP-3BDBSD1" failures="0" tests="21" name="runner.TestRunner" time="362.080" errors="0" timestamp="2025-03-07T19:03:23 IST" skipped="0">
  <testcase classname="runner.TestRunner" name="runScenario" time="14.008"/>
  <testcase classname="runner.TestRunner" name="runScenario" time="14.012"/>
  <testcase classname="runner.TestRunner" name="runScenario" time="23.943"/>
  <testcase classname="runner.TestRunner" name="runScenario" time="17.154"/>
  <testcase classname="runner.TestRunner" name="runScenario" time="19.285"/>
  <testcase classname="runner.TestRunner" name="runScenario" time="14.136"/>
  <testcase classname="runner.TestRunner" name="runScenario" time="19.064"/>
  <testcase classname="runner.TestRunner" name="runScenario" time="18.268"/>
  <testcase classname="runner.TestRunner" name="runScenario" time="13.991"/>
  <testcase classname="runner.TestRunner" name="runScenario" time="14.258"/>
  <testcase classname="runner.TestRunner" name="runScenario" time="14.156"/>
  <testcase classname="runner.TestRunner" name="runScenario" time="18.614"/>
  <testcase classname="runner.TestRunner" name="runScenario" time="13.224"/>
  <testcase classname="runner.TestRunner" name="runScenario" time="17.867"/>
  <testcase classname="runner.TestRunner" name="runScenario" time="14.337"/>
  <testcase classname="runner.TestRunner" name="runScenario" time="19.407"/>
  <testcase classname="runner.TestRunner" name="runScenario" time="16.738"/>
  <testcase classname="runner.TestRunner" name="runScenario" time="13.769"/>
  <testcase classname="runner.TestRunner" name="runScenario" time="14.763"/>
  <testcase classname="runner.TestRunner" name="runScenario" time="25.646"/>
  <testcase classname="runner.TestRunner" name="runScenario" time="25.440"/>
</testsuite> <!-- runner.TestRunner -->
