<?xml version="1.0" encoding="UTF-8"?>
<!-- Generated by org.testng.reporters.JUnitReportReporter -->
<testsuite hostname="DESKTOP-3BDBSD1" failures="0" tests="21" name="runner.TestRunner" time="462.077" errors="0" timestamp="2025-03-07T18:16:09 IST" skipped="0">
  <testcase classname="runner.TestRunner" name="runScenario" time="20.391"/>
  <testcase classname="runner.TestRunner" name="runScenario" time="18.592"/>
  <testcase classname="runner.TestRunner" name="runScenario" time="13.941"/>
  <testcase classname="runner.TestRunner" name="runScenario" time="14.879"/>
  <testcase classname="runner.TestRunner" name="runScenario" time="15.002"/>
  <testcase classname="runner.TestRunner" name="runScenario" time="14.271"/>
  <testcase classname="runner.TestRunner" name="runScenario" time="25.938"/>
  <testcase classname="runner.TestRunner" name="runScenario" time="19.777"/>
  <testcase classname="runner.TestRunner" name="runScenario" time="17.002"/>
  <testcase classname="runner.TestRunner" name="runScenario" time="112.583"/>
  <testcase classname="runner.TestRunner" name="runScenario" time="13.547"/>
  <testcase classname="runner.TestRunner" name="runScenario" time="14.219"/>
  <testcase classname="runner.TestRunner" name="runScenario" time="20.416"/>
  <testcase classname="runner.TestRunner" name="runScenario" time="18.519"/>
  <testcase classname="runner.TestRunner" name="runScenario" time="18.638"/>
  <testcase classname="runner.TestRunner" name="runScenario" time="14.106"/>
  <testcase classname="runner.TestRunner" name="runScenario" time="14.953"/>
  <testcase classname="runner.TestRunner" name="runScenario" time="28.026"/>
  <testcase classname="runner.TestRunner" name="runScenario" time="13.834"/>
  <testcase classname="runner.TestRunner" name="runScenario" time="19.034"/>
  <testcase classname="runner.TestRunner" name="runScenario" time="14.409"/>
</testsuite> <!-- runner.TestRunner -->
